This is pdfTeX, Version 3.14159265-2.6-1.40.18 (TeX Live 2017/Arch Linux) (preloaded format=pdflatex 2017.12.20)  4 JAN 2018 22:08
entering extended mode
 \write18 enabled.
 %&-line parsing enabled.
**presentation.tex
(./presentation.tex
LaTeX2e <2017-04-15>
Babel <3.15> and hyphenation patterns for 84 language(s) loaded.
(/usr/share/texmf-dist/tex/latex/beamer/beamer.cls
Document Class: beamer 2017/11/10 v3.44 A class for typesetting presentations
(/usr/share/texmf-dist/tex/latex/beamer/beamerbasemodes.sty
(/usr/share/texmf-dist/tex/latex/etoolbox/etoolbox.sty
Package: etoolbox 2017/01/02 v2.4 e-TeX tools for LaTeX (JAW)
\etb@tempcnta=\count79
)
\beamer@tempbox=\box26
\beamer@tempcount=\count80
\c@beamerpauses=\count81

(/usr/share/texmf-dist/tex/latex/beamer/beamerbasedecode.sty
\beamer@slideinframe=\count82
\beamer@minimum=\count83
)
\beamer@commentbox=\box27
\beamer@modecount=\count84
)
(/usr/share/texmf-dist/tex/generic/oberdiek/ifpdf.sty
Package: ifpdf 2017/03/15 v3.2 Provides the ifpdf switch
)
\headdp=\dimen102
\footheight=\dimen103
\sidebarheight=\dimen104
\beamer@tempdim=\dimen105
\beamer@finalheight=\dimen106
\beamer@animht=\dimen107
\beamer@animdp=\dimen108
\beamer@animwd=\dimen109
\beamer@leftmargin=\dimen110
\beamer@rightmargin=\dimen111
\beamer@leftsidebar=\dimen112
\beamer@rightsidebar=\dimen113
\beamer@boxsize=\dimen114
\beamer@vboxoffset=\dimen115
\beamer@descdefault=\dimen116
\beamer@descriptionwidth=\dimen117
\beamer@lastskip=\skip41
\beamer@areabox=\box28
\beamer@animcurrent=\box29
\beamer@animshowbox=\box30
\beamer@sectionbox=\box31
\beamer@logobox=\box32
\beamer@linebox=\box33
\beamer@sectioncount=\count85
\beamer@subsubsectionmax=\count86
\beamer@subsectionmax=\count87
\beamer@sectionmax=\count88
\beamer@totalheads=\count89
\beamer@headcounter=\count90
\beamer@partstartpage=\count91
\beamer@sectionstartpage=\count92
\beamer@subsectionstartpage=\count93
\beamer@animationtempa=\count94
\beamer@animationtempb=\count95
\beamer@xpos=\count96
\beamer@ypos=\count97
\beamer@ypos@offset=\count98
\beamer@showpartnumber=\count99
\beamer@currentsubsection=\count100
\beamer@coveringdepth=\count101
\beamer@sectionadjust=\count102
\beamer@tocsectionnumber=\count103

(/usr/share/texmf-dist/tex/latex/beamer/beamerbaseoptions.sty
(/usr/share/texmf-dist/tex/latex/graphics/keyval.sty
Package: keyval 2014/10/28 v1.15 key=value parser (DPC)
\KV@toks@=\toks14
))
\beamer@paperwidth=\skip42
\beamer@paperheight=\skip43

(/usr/share/texmf-dist/tex/latex/geometry/geometry.sty
Package: geometry 2010/09/12 v5.6 Page Geometry

(/usr/share/texmf-dist/tex/generic/oberdiek/ifvtex.sty
Package: ifvtex 2016/05/16 v1.6 Detect VTeX and its facilities (HO)
Package ifvtex Info: VTeX not detected.
)
(/usr/share/texmf-dist/tex/generic/ifxetex/ifxetex.sty
Package: ifxetex 2010/09/12 v0.6 Provides ifxetex conditional
)
\Gm@cnth=\count104
\Gm@cntv=\count105
\c@Gm@tempcnt=\count106
\Gm@bindingoffset=\dimen118
\Gm@wd@mp=\dimen119
\Gm@odd@mp=\dimen120
\Gm@even@mp=\dimen121
\Gm@layoutwidth=\dimen122
\Gm@layoutheight=\dimen123
\Gm@layouthoffset=\dimen124
\Gm@layoutvoffset=\dimen125
\Gm@dimlist=\toks15
)
(/usr/share/texmf-dist/tex/latex/base/size11.clo
File: size11.clo 2014/09/29 v1.4h Standard LaTeX file (size option)
)
(/usr/share/texmf-dist/tex/latex/pgf/basiclayer/pgfcore.sty
(/usr/share/texmf-dist/tex/latex/graphics/graphicx.sty
Package: graphicx 2017/06/01 v1.1a Enhanced LaTeX Graphics (DPC,SPQR)

(/usr/share/texmf-dist/tex/latex/graphics/graphics.sty
Package: graphics 2017/06/25 v1.2c Standard LaTeX Graphics (DPC,SPQR)

(/usr/share/texmf-dist/tex/latex/graphics/trig.sty
Package: trig 2016/01/03 v1.10 sin cos tan (DPC)
)
(/usr/share/texmf-dist/tex/latex/graphics-cfg/graphics.cfg
File: graphics.cfg 2016/06/04 v1.11 sample graphics configuration
)
Package graphics Info: Driver file: pdftex.def on input line 99.

(/usr/share/texmf-dist/tex/latex/graphics-def/pdftex.def
File: pdftex.def 2017/06/24 v1.0g Graphics/color driver for pdftex
))
\Gin@req@height=\dimen126
\Gin@req@width=\dimen127
)
(/usr/share/texmf-dist/tex/latex/pgf/systemlayer/pgfsys.sty
(/usr/share/texmf-dist/tex/latex/pgf/utilities/pgfrcs.sty
(/usr/share/texmf-dist/tex/generic/pgf/utilities/pgfutil-common.tex
\pgfutil@everybye=\toks16
\pgfutil@tempdima=\dimen128
\pgfutil@tempdimb=\dimen129

(/usr/share/texmf-dist/tex/generic/pgf/utilities/pgfutil-common-lists.tex))
(/usr/share/texmf-dist/tex/generic/pgf/utilities/pgfutil-latex.def
\pgfutil@abb=\box34

(/usr/share/texmf-dist/tex/latex/ms/everyshi.sty
Package: everyshi 2001/05/15 v3.00 EveryShipout Package (MS)
))
(/usr/share/texmf-dist/tex/generic/pgf/utilities/pgfrcs.code.tex
Package: pgfrcs 2015/08/07 v3.0.1a (rcs-revision 1.31)
))
(/usr/share/texmf-dist/tex/generic/pgf/systemlayer/pgfsys.code.tex
Package: pgfsys 2014/07/09 v3.0.1a (rcs-revision 1.48)

(/usr/share/texmf-dist/tex/generic/pgf/utilities/pgfkeys.code.tex
\pgfkeys@pathtoks=\toks17
\pgfkeys@temptoks=\toks18

(/usr/share/texmf-dist/tex/generic/pgf/utilities/pgfkeysfiltered.code.tex
\pgfkeys@tmptoks=\toks19
))
\pgf@x=\dimen130
\pgf@y=\dimen131
\pgf@xa=\dimen132
\pgf@ya=\dimen133
\pgf@xb=\dimen134
\pgf@yb=\dimen135
\pgf@xc=\dimen136
\pgf@yc=\dimen137
\w@pgf@writea=\write3
\r@pgf@reada=\read1
\c@pgf@counta=\count107
\c@pgf@countb=\count108
\c@pgf@countc=\count109
\c@pgf@countd=\count110
\t@pgf@toka=\toks20
\t@pgf@tokb=\toks21
\t@pgf@tokc=\toks22

(/usr/share/texmf-dist/tex/generic/pgf/systemlayer/pgf.cfg
File: pgf.cfg 2008/05/14  (rcs-revision 1.7)
)
Driver file for pgf: pgfsys-pdftex.def

(/usr/share/texmf-dist/tex/generic/pgf/systemlayer/pgfsys-pdftex.def
File: pgfsys-pdftex.def 2014/10/11  (rcs-revision 1.35)

(/usr/share/texmf-dist/tex/generic/pgf/systemlayer/pgfsys-common-pdf.def
File: pgfsys-common-pdf.def 2013/10/10  (rcs-revision 1.13)
)))
(/usr/share/texmf-dist/tex/generic/pgf/systemlayer/pgfsyssoftpath.code.tex
File: pgfsyssoftpath.code.tex 2013/09/09  (rcs-revision 1.9)
\pgfsyssoftpath@smallbuffer@items=\count111
\pgfsyssoftpath@bigbuffer@items=\count112
)
(/usr/share/texmf-dist/tex/generic/pgf/systemlayer/pgfsysprotocol.code.tex
File: pgfsysprotocol.code.tex 2006/10/16  (rcs-revision 1.4)
))
(/usr/share/texmf-dist/tex/latex/xcolor/xcolor.sty
Package: xcolor 2016/05/11 v2.12 LaTeX color extensions (UK)

(/usr/share/texmf-dist/tex/latex/graphics-cfg/color.cfg
File: color.cfg 2016/01/02 v1.6 sample color configuration
)
Package xcolor Info: Driver file: pdftex.def on input line 225.
Package xcolor Info: Model `cmy' substituted by `cmy0' on input line 1348.
Package xcolor Info: Model `hsb' substituted by `rgb' on input line 1352.
Package xcolor Info: Model `RGB' extended on input line 1364.
Package xcolor Info: Model `HTML' substituted by `rgb' on input line 1366.
Package xcolor Info: Model `Hsb' substituted by `hsb' on input line 1367.
Package xcolor Info: Model `tHsb' substituted by `hsb' on input line 1368.
Package xcolor Info: Model `HSB' substituted by `hsb' on input line 1369.
Package xcolor Info: Model `Gray' substituted by `gray' on input line 1370.
Package xcolor Info: Model `wave' substituted by `hsb' on input line 1371.
)
(/usr/share/texmf-dist/tex/generic/pgf/basiclayer/pgfcore.code.tex
Package: pgfcore 2010/04/11 v3.0.1a (rcs-revision 1.7)

(/usr/share/texmf-dist/tex/generic/pgf/math/pgfmath.code.tex
(/usr/share/texmf-dist/tex/generic/pgf/math/pgfmathcalc.code.tex
(/usr/share/texmf-dist/tex/generic/pgf/math/pgfmathutil.code.tex)
(/usr/share/texmf-dist/tex/generic/pgf/math/pgfmathparser.code.tex
\pgfmath@dimen=\dimen138
\pgfmath@count=\count113
\pgfmath@box=\box35
\pgfmath@toks=\toks23
\pgfmath@stack@operand=\toks24
\pgfmath@stack@operation=\toks25
)
(/usr/share/texmf-dist/tex/generic/pgf/math/pgfmathfunctions.code.tex
(/usr/share/texmf-dist/tex/generic/pgf/math/pgfmathfunctions.basic.code.tex)
(/usr/share/texmf-dist/tex/generic/pgf/math/pgfmathfunctions.trigonometric.code
.tex)
(/usr/share/texmf-dist/tex/generic/pgf/math/pgfmathfunctions.random.code.tex)
(/usr/share/texmf-dist/tex/generic/pgf/math/pgfmathfunctions.comparison.code.te
x) (/usr/share/texmf-dist/tex/generic/pgf/math/pgfmathfunctions.base.code.tex)
(/usr/share/texmf-dist/tex/generic/pgf/math/pgfmathfunctions.round.code.tex)
(/usr/share/texmf-dist/tex/generic/pgf/math/pgfmathfunctions.misc.code.tex)
(/usr/share/texmf-dist/tex/generic/pgf/math/pgfmathfunctions.integerarithmetics
.code.tex))) (/usr/share/texmf-dist/tex/generic/pgf/math/pgfmathfloat.code.tex
\c@pgfmathroundto@lastzeros=\count114
)) (/usr/share/texmf-dist/tex/generic/pgf/basiclayer/pgfcorepoints.code.tex
File: pgfcorepoints.code.tex 2013/10/07  (rcs-revision 1.27)
\pgf@picminx=\dimen139
\pgf@picmaxx=\dimen140
\pgf@picminy=\dimen141
\pgf@picmaxy=\dimen142
\pgf@pathminx=\dimen143
\pgf@pathmaxx=\dimen144
\pgf@pathminy=\dimen145
\pgf@pathmaxy=\dimen146
\pgf@xx=\dimen147
\pgf@xy=\dimen148
\pgf@yx=\dimen149
\pgf@yy=\dimen150
\pgf@zx=\dimen151
\pgf@zy=\dimen152
)
(/usr/share/texmf-dist/tex/generic/pgf/basiclayer/pgfcorepathconstruct.code.tex
File: pgfcorepathconstruct.code.tex 2013/10/07  (rcs-revision 1.29)
\pgf@path@lastx=\dimen153
\pgf@path@lasty=\dimen154
) (/usr/share/texmf-dist/tex/generic/pgf/basiclayer/pgfcorepathusage.code.tex
File: pgfcorepathusage.code.tex 2014/11/02  (rcs-revision 1.24)
\pgf@shorten@end@additional=\dimen155
\pgf@shorten@start@additional=\dimen156
)
(/usr/share/texmf-dist/tex/generic/pgf/basiclayer/pgfcorescopes.code.tex
File: pgfcorescopes.code.tex 2015/05/08  (rcs-revision 1.46)
\pgfpic=\box36
\pgf@hbox=\box37
\pgf@layerbox@main=\box38
\pgf@picture@serial@count=\count115
)
(/usr/share/texmf-dist/tex/generic/pgf/basiclayer/pgfcoregraphicstate.code.tex
File: pgfcoregraphicstate.code.tex 2014/11/02  (rcs-revision 1.12)
\pgflinewidth=\dimen157
)
(/usr/share/texmf-dist/tex/generic/pgf/basiclayer/pgfcoretransformations.code.t
ex
File: pgfcoretransformations.code.tex 2015/08/07  (rcs-revision 1.20)
\pgf@pt@x=\dimen158
\pgf@pt@y=\dimen159
\pgf@pt@temp=\dimen160
) (/usr/share/texmf-dist/tex/generic/pgf/basiclayer/pgfcorequick.code.tex
File: pgfcorequick.code.tex 2008/10/09  (rcs-revision 1.3)
)
(/usr/share/texmf-dist/tex/generic/pgf/basiclayer/pgfcoreobjects.code.tex
File: pgfcoreobjects.code.tex 2006/10/11  (rcs-revision 1.2)
)
(/usr/share/texmf-dist/tex/generic/pgf/basiclayer/pgfcorepathprocessing.code.te
x
File: pgfcorepathprocessing.code.tex 2013/09/09  (rcs-revision 1.9)
) (/usr/share/texmf-dist/tex/generic/pgf/basiclayer/pgfcorearrows.code.tex
File: pgfcorearrows.code.tex 2015/05/14  (rcs-revision 1.43)
\pgfarrowsep=\dimen161
)
(/usr/share/texmf-dist/tex/generic/pgf/basiclayer/pgfcoreshade.code.tex
File: pgfcoreshade.code.tex 2013/07/15  (rcs-revision 1.15)
\pgf@max=\dimen162
\pgf@sys@shading@range@num=\count116
)
(/usr/share/texmf-dist/tex/generic/pgf/basiclayer/pgfcoreimage.code.tex
File: pgfcoreimage.code.tex 2013/07/15  (rcs-revision 1.18)

(/usr/share/texmf-dist/tex/generic/pgf/basiclayer/pgfcoreexternal.code.tex
File: pgfcoreexternal.code.tex 2014/07/09  (rcs-revision 1.21)
\pgfexternal@startupbox=\box39
))
(/usr/share/texmf-dist/tex/generic/pgf/basiclayer/pgfcorelayers.code.tex
File: pgfcorelayers.code.tex 2013/07/18  (rcs-revision 1.7)
)
(/usr/share/texmf-dist/tex/generic/pgf/basiclayer/pgfcoretransparency.code.tex
File: pgfcoretransparency.code.tex 2013/09/30  (rcs-revision 1.5)
) (/usr/share/texmf-dist/tex/generic/pgf/basiclayer/pgfcorepatterns.code.tex
File: pgfcorepatterns.code.tex 2013/11/07  (rcs-revision 1.5)
)))
(/usr/share/texmf-dist/tex/latex/pgf/utilities/xxcolor.sty
Package: xxcolor 2003/10/24 ver 0.1
\XC@nummixins=\count117
\XC@countmixins=\count118
)
(/usr/share/texmf-dist/tex/generic/oberdiek/atbegshi.sty
Package: atbegshi 2016/06/09 v1.18 At begin shipout hook (HO)

(/usr/share/texmf-dist/tex/generic/oberdiek/infwarerr.sty
Package: infwarerr 2016/05/16 v1.4 Providing info/warning/error messages (HO)
)
(/usr/share/texmf-dist/tex/generic/oberdiek/ltxcmds.sty
Package: ltxcmds 2016/05/16 v1.23 LaTeX kernel commands for general use (HO)
))
(/usr/share/texmf-dist/tex/latex/hyperref/hyperref.sty
Package: hyperref 2017/03/14 v6.85a Hypertext links for LaTeX

(/usr/share/texmf-dist/tex/generic/oberdiek/hobsub-hyperref.sty
Package: hobsub-hyperref 2016/05/16 v1.14 Bundle oberdiek, subset hyperref (HO)


(/usr/share/texmf-dist/tex/generic/oberdiek/hobsub-generic.sty
Package: hobsub-generic 2016/05/16 v1.14 Bundle oberdiek, subset generic (HO)
Package: hobsub 2016/05/16 v1.14 Construct package bundles (HO)
Package hobsub Info: Skipping package `infwarerr' (already loaded).
Package hobsub Info: Skipping package `ltxcmds' (already loaded).
Package: ifluatex 2016/05/16 v1.4 Provides the ifluatex switch (HO)
Package ifluatex Info: LuaTeX not detected.
Package hobsub Info: Skipping package `ifvtex' (already loaded).
Package: intcalc 2016/05/16 v1.2 Expandable calculations with integers (HO)
Package hobsub Info: Skipping package `ifpdf' (already loaded).
Package: etexcmds 2016/05/16 v1.6 Avoid name clashes with e-TeX commands (HO)
Package etexcmds Info: Could not find \expanded.
(etexcmds)             That can mean that you are not using pdfTeX 1.50 or
(etexcmds)             that some package has redefined \expanded.
(etexcmds)             In the latter case, load this package earlier.
Package: kvsetkeys 2016/05/16 v1.17 Key value parser (HO)
Package: kvdefinekeys 2016/05/16 v1.4 Define keys (HO)
Package: pdftexcmds 2017/03/19 v0.25 Utility functions of pdfTeX for LuaTeX (HO
)
Package pdftexcmds Info: LuaTeX not detected.
Package pdftexcmds Info: \pdf@primitive is available.
Package pdftexcmds Info: \pdf@ifprimitive is available.
Package pdftexcmds Info: \pdfdraftmode found.
Package: pdfescape 2016/05/16 v1.14 Implements pdfTeX's escape features (HO)
Package: bigintcalc 2016/05/16 v1.4 Expandable calculations on big integers (HO
)
Package: bitset 2016/05/16 v1.2 Handle bit-vector datatype (HO)
Package: uniquecounter 2016/05/16 v1.3 Provide unlimited unique counter (HO)
)
Package hobsub Info: Skipping package `hobsub' (already loaded).
Package: letltxmacro 2016/05/16 v1.5 Let assignment for LaTeX macros (HO)
Package: hopatch 2016/05/16 v1.3 Wrapper for package hooks (HO)
Package: xcolor-patch 2016/05/16 xcolor patch
Package: atveryend 2016/05/16 v1.9 Hooks at the very end of document (HO)
Package hobsub Info: Skipping package `atbegshi' (already loaded).
Package: refcount 2016/05/16 v3.5 Data extraction from label references (HO)
Package: hycolor 2016/05/16 v1.8 Color options for hyperref/bookmark (HO)
)
(/usr/share/texmf-dist/tex/latex/oberdiek/auxhook.sty
Package: auxhook 2016/05/16 v1.4 Hooks for auxiliary files (HO)
)
(/usr/share/texmf-dist/tex/latex/oberdiek/kvoptions.sty
Package: kvoptions 2016/05/16 v3.12 Key value format for package options (HO)
)
\@linkdim=\dimen163
\Hy@linkcounter=\count119
\Hy@pagecounter=\count120

(/usr/share/texmf-dist/tex/latex/hyperref/pd1enc.def
File: pd1enc.def 2017/03/14 v6.85a Hyperref: PDFDocEncoding definition (HO)
)
\Hy@SavedSpaceFactor=\count121

(/usr/share/texmf-dist/tex/latex/latexconfig/hyperref.cfg
File: hyperref.cfg 2002/06/06 v1.2 hyperref configuration of TeXLive
)
Package hyperref Info: Option `bookmarks' set `true' on input line 4374.
Package hyperref Info: Option `bookmarksopen' set `true' on input line 4374.
Package hyperref Info: Option `implicit' set `false' on input line 4374.
Package hyperref Info: Hyper figures OFF on input line 4498.
Package hyperref Info: Link nesting OFF on input line 4503.
Package hyperref Info: Hyper index ON on input line 4506.
Package hyperref Info: Plain pages OFF on input line 4513.
Package hyperref Info: Backreferencing OFF on input line 4518.
Package hyperref Info: Implicit mode OFF; no redefinition of LaTeX internals.
Package hyperref Info: Bookmarks ON on input line 4751.
\c@Hy@tempcnt=\count122

(/usr/share/texmf-dist/tex/latex/url/url.sty
\Urlmuskip=\muskip10
Package: url 2013/09/16  ver 3.4  Verb mode for urls, etc.
)
LaTeX Info: Redefining \url on input line 5104.
\XeTeXLinkMargin=\dimen164
\Fld@menulength=\count123
\Field@Width=\dimen165
\Fld@charsize=\dimen166
Package hyperref Info: Hyper figures OFF on input line 6358.
Package hyperref Info: Link nesting OFF on input line 6363.
Package hyperref Info: Hyper index ON on input line 6366.
Package hyperref Info: backreferencing OFF on input line 6373.
Package hyperref Info: Link coloring OFF on input line 6378.
Package hyperref Info: Link coloring with OCG OFF on input line 6383.
Package hyperref Info: PDF/A mode OFF on input line 6388.
LaTeX Info: Redefining \ref on input line 6428.
LaTeX Info: Redefining \pageref on input line 6432.
\Hy@abspage=\count124


Package hyperref Message: Stopped early.

)

Package hyperref Message: Driver (autodetected): hpdftex.

(/usr/share/texmf-dist/tex/latex/hyperref/hpdftex.def
File: hpdftex.def 2017/03/14 v6.85a Hyperref driver for pdfTeX
\Fld@listcount=\count125
\c@bookmark@seq@number=\count126

(/usr/share/texmf-dist/tex/latex/oberdiek/rerunfilecheck.sty
Package: rerunfilecheck 2016/05/16 v1.8 Rerun checks for auxiliary files (HO)
Package uniquecounter Info: New unique counter `rerunfilecheck' on input line 2
82.
))
(/usr/share/texmf-dist/tex/latex/beamer/beamerbaserequires.sty
(/usr/share/texmf-dist/tex/latex/beamer/beamerbasecompatibility.sty)
(/usr/share/texmf-dist/tex/latex/beamer/beamerbasefont.sty
(/usr/share/texmf-dist/tex/latex/amsfonts/amssymb.sty
Package: amssymb 2013/01/14 v3.01 AMS font symbols

(/usr/share/texmf-dist/tex/latex/amsfonts/amsfonts.sty
Package: amsfonts 2013/01/14 v3.01 Basic AMSFonts support
\@emptytoks=\toks26
\symAMSa=\mathgroup4
\symAMSb=\mathgroup5
LaTeX Font Info:    Overwriting math alphabet `\mathfrak' in version `bold'
(Font)                  U/euf/m/n --> U/euf/b/n on input line 106.
))
(/usr/share/texmf-dist/tex/latex/sansmathaccent/sansmathaccent.sty
Package: sansmathaccent 2013/03/28

(/usr/share/texmf-dist/tex/latex/filehook/filehook.sty
Package: filehook 2011/10/12 v0.5d Hooks for input files
)))
(/usr/share/texmf-dist/tex/latex/beamer/beamerbasetranslator.sty
(/usr/share/texmf-dist/tex/latex/beamer/translator/translator.sty
Package: translator 2010/06/12 ver 1.10

(/usr/share/texmf-dist/tex/latex/beamer/translator/translator-language-mappings
.tex))) (/usr/share/texmf-dist/tex/latex/beamer/beamerbasemisc.sty)
(/usr/share/texmf-dist/tex/latex/beamer/beamerbasetwoscreens.sty)
(/usr/share/texmf-dist/tex/latex/beamer/beamerbaseoverlay.sty
\beamer@argscount=\count127
\beamer@lastskipcover=\skip44
\beamer@trivlistdepth=\count128
)
(/usr/share/texmf-dist/tex/latex/beamer/beamerbasetitle.sty)
(/usr/share/texmf-dist/tex/latex/beamer/beamerbasesection.sty
\c@lecture=\count129
\c@part=\count130
\c@section=\count131
\c@subsection=\count132
\c@subsubsection=\count133
)
(/usr/share/texmf-dist/tex/latex/beamer/beamerbaseframe.sty
\beamer@framebox=\box40
\beamer@frametitlebox=\box41
\beamer@zoombox=\box42
\beamer@zoomcount=\count134
\beamer@zoomframecount=\count135
\beamer@frametextheight=\dimen167
\c@subsectionslide=\count136
\beamer@frametopskip=\skip45
\beamer@framebottomskip=\skip46
\beamer@frametopskipautobreak=\skip47
\beamer@framebottomskipautobreak=\skip48
\beamer@envbody=\toks27
\framewidth=\dimen168
\c@framenumber=\count137
)
(/usr/share/texmf-dist/tex/latex/beamer/beamerbaseverbatim.sty
\beamer@verbatimfileout=\write4
)
(/usr/share/texmf-dist/tex/latex/beamer/beamerbaseframesize.sty
\beamer@splitbox=\box43
\beamer@autobreakcount=\count138
\beamer@autobreaklastheight=\dimen169
\beamer@frametitletoks=\toks28
\beamer@framesubtitletoks=\toks29
)
(/usr/share/texmf-dist/tex/latex/beamer/beamerbaseframecomponents.sty
\beamer@footins=\box44
)
(/usr/share/texmf-dist/tex/latex/beamer/beamerbasecolor.sty
\beamer@bg@ht=\dimen170
\beamer@bg@wd=\dimen171
\beamer@bg@dp=\dimen172
)
(/usr/share/texmf-dist/tex/latex/beamer/beamerbasenotes.sty
\beamer@frameboxcopy=\box45
)
(/usr/share/texmf-dist/tex/latex/beamer/beamerbasetoc.sty)
(/usr/share/texmf-dist/tex/latex/beamer/beamerbasetemplates.sty
\beamer@sbttoks=\toks30

(/usr/share/texmf-dist/tex/latex/beamer/beamerbaseauxtemplates.sty
(/usr/share/texmf-dist/tex/latex/beamer/beamerbaseboxes.sty
\bmb@box=\box46
\bmb@colorbox=\box47
\bmb@boxshadow=\box48
\bmb@boxshadowball=\box49
\bmb@boxshadowballlarge=\box50
\bmb@temp=\dimen173
\bmb@dima=\dimen174
\bmb@dimb=\dimen175
\bmb@prevheight=\dimen176
)
\beamer@blockheadheight=\dimen177
))
(/usr/share/texmf-dist/tex/latex/beamer/beamerbaselocalstructure.sty
(/usr/share/texmf-dist/tex/latex/tools/enumerate.sty
Package: enumerate 2015/07/23 v3.00 enumerate extensions (DPC)
\@enLab=\toks31
)
\c@figure=\count139
\c@table=\count140
\abovecaptionskip=\skip49
\belowcaptionskip=\skip50
)
(/usr/share/texmf-dist/tex/latex/beamer/beamerbasenavigation.sty
\beamer@section@min@dim=\dimen178
)
(/usr/share/texmf-dist/tex/latex/beamer/beamerbasetheorems.sty
(/usr/share/texmf-dist/tex/latex/amsmath/amsmath.sty
Package: amsmath 2017/09/02 v2.17a AMS math features
\@mathmargin=\skip51

For additional information on amsmath, use the `?' option.
(/usr/share/texmf-dist/tex/latex/amsmath/amstext.sty
Package: amstext 2000/06/29 v2.01 AMS text

(/usr/share/texmf-dist/tex/latex/amsmath/amsgen.sty
File: amsgen.sty 1999/11/30 v2.0 generic functions
\@emptytoks=\toks32
\ex@=\dimen179
))
(/usr/share/texmf-dist/tex/latex/amsmath/amsbsy.sty
Package: amsbsy 1999/11/29 v1.2d Bold Symbols
\pmbraise@=\dimen180
)
(/usr/share/texmf-dist/tex/latex/amsmath/amsopn.sty
Package: amsopn 2016/03/08 v2.02 operator names
)
\inf@bad=\count141
LaTeX Info: Redefining \frac on input line 213.
\uproot@=\count142
\leftroot@=\count143
LaTeX Info: Redefining \overline on input line 375.
\classnum@=\count144
\DOTSCASE@=\count145
LaTeX Info: Redefining \ldots on input line 472.
LaTeX Info: Redefining \dots on input line 475.
LaTeX Info: Redefining \cdots on input line 596.
\Mathstrutbox@=\box51
\strutbox@=\box52
\big@size=\dimen181
LaTeX Font Info:    Redeclaring font encoding OML on input line 712.
LaTeX Font Info:    Redeclaring font encoding OMS on input line 713.
\macc@depth=\count146
\c@MaxMatrixCols=\count147
\dotsspace@=\muskip11
\c@parentequation=\count148
\dspbrk@lvl=\count149
\tag@help=\toks33
\row@=\count150
\column@=\count151
\maxfields@=\count152
\andhelp@=\toks34
\eqnshift@=\dimen182
\alignsep@=\dimen183
\tagshift@=\dimen184
\tagwidth@=\dimen185
\totwidth@=\dimen186
\lineht@=\dimen187
\@envbody=\toks35
\multlinegap=\skip52
\multlinetaggap=\skip53
\mathdisplay@stack=\toks36
LaTeX Info: Redefining \[ on input line 2817.
LaTeX Info: Redefining \] on input line 2818.
)
(/usr/share/texmf-dist/tex/latex/amscls/amsthm.sty
Package: amsthm 2015/03/04 v2.20.2
\thm@style=\toks37
\thm@bodyfont=\toks38
\thm@headfont=\toks39
\thm@notefont=\toks40
\thm@headpunct=\toks41
\thm@preskip=\skip54
\thm@postskip=\skip55
\thm@headsep=\skip56
\dth@everypar=\toks42
)
\c@theorem=\count153
)
(/usr/share/texmf-dist/tex/latex/beamer/beamerbasethemes.sty))
(/usr/share/texmf-dist/tex/latex/beamer/themes/theme/beamerthemedefault.sty
(/usr/share/texmf-dist/tex/latex/beamer/themes/font/beamerfontthemedefault.sty)

(/usr/share/texmf-dist/tex/latex/beamer/themes/color/beamercolorthemedefault.st
y)
(/usr/share/texmf-dist/tex/latex/beamer/themes/inner/beamerinnerthemedefault.st
y
\beamer@dima=\dimen188
\beamer@dimb=\dimen189
)
(/usr/share/texmf-dist/tex/latex/beamer/themes/outer/beamerouterthemedefault.st
y))) (/usr/share/texmf-dist/tex/latex/beamer/themes/theme/beamerthemeMadrid.sty
(/usr/share/texmf-dist/tex/latex/beamer/themes/color/beamercolorthemewhale.sty)

(/usr/share/texmf-dist/tex/latex/beamer/themes/color/beamercolorthemeorchid.sty
)
(/usr/share/texmf-dist/tex/latex/beamer/themes/inner/beamerinnerthemerounded.st
y)
(/usr/share/texmf-dist/tex/latex/beamer/themes/outer/beamerouterthemeinfolines.
sty))
(/usr/share/texmf-dist/tex/latex/beamer/themes/font/beamerfontthemeprofessional
fonts.sty) (/usr/share/texmf-dist/tex/generic/babel/babel.sty
Package: babel 2017/11/03 3.15 The Babel package

(/usr/share/texmf-dist/tex/generic/babel/switch.def
File: switch.def 2017/11/03 3.15 Babel switching mechanism
)
(/usr/share/texmf-dist/tex/generic/babel-english/english.ldf
Language: english 2017/06/06 v3.3r English support from the babel system

(/usr/share/texmf-dist/tex/generic/babel/babel.def
File: babel.def 2017/11/03 3.15 Babel common definitions

(/usr/share/texmf-dist/tex/generic/babel/switch.def
File: switch.def 2017/11/03 3.15 Babel switching mechanism
)
\babel@savecnt=\count154
\U@D=\dimen190
LaTeX Info: Redefining \textlatin on input line 1741.
)
\l@canadian = a dialect from \language\l@american 
\l@australian = a dialect from \language\l@british 
\l@newzealand = a dialect from \language\l@british 
))
(/usr/share/texmf-dist/tex/latex/base/inputenc.sty
Package: inputenc 2015/03/17 v1.2c Input encoding file
\inpenc@prehook=\toks43
\inpenc@posthook=\toks44

(/usr/share/texmf-dist/tex/latex/ucs/utf8x.def
File: utf8x.def 2004/10/17 UCS: Input encoding UTF-8
))
(/usr/share/texmf-dist/tex/latex/ucs/ucs.sty
Package: ucs 2013/05/11 v2.2 UCS: Unicode input support

(/usr/share/texmf-dist/tex/latex/ucs/data/uni-global.def
File: uni-global.def 2013/05/13 UCS: Unicode global data
)
\uc@secondtry=\count155
\uc@combtoks=\toks45
\uc@combtoksb=\toks46
\uc@temptokena=\toks47
)
(/usr/share/texmf-dist/tex/latex/multirow/multirow.sty
Package: multirow 2016/11/25 v2.2 Span multiple rows of a table
\multirow@colwidth=\skip57
\multirow@cntb=\count156
\multirow@dima=\skip58
\bigstrutjot=\dimen191
)
(/usr/share/texmf-dist/tex/latex/svg/svg.sty
Package: svg 2017/05/23 v2.00b (include SVG pictures)

(/usr/share/texmf-dist/tex/latex/koma-script/scrbase.sty
Package: scrbase 2017/09/07 v3.24 KOMA-Script package (KOMA-Script-independent 
basics and keyval usage)

(/usr/share/texmf-dist/tex/latex/koma-script/scrlfile.sty
Package: scrlfile 2017/09/07 v3.24 KOMA-Script package (loading files)
)
(/usr/share/texmf-dist/tex/latex/filehook/filehook-scrlfile.sty
Package: filehook-scrlfile 2011/01/03 v0.1 filehook patch for scrlfile package
Package filehook Info: Package 'scrlfile' detected and compensated for on input
 line 102.
))
(/usr/share/texmf-dist/tex/latex/tools/shellesc.sty
Package: shellesc 2016/06/07 v0.02a unified shell escape interface for LaTeX
Package shellesc Info: Unrestricted shell escape enabled on input line 67.
)
\c@svg@param@lastpage=\count157
\c@svg@param@currpage=\count158

(/usr/share/texmf-dist/tex/latex/ifplatform/ifplatform.sty
Package: ifplatform 2017/10/13 v0.4a Testing for the operating system

(/usr/share/texmf-dist/tex/generic/oberdiek/catchfile.sty
Package: catchfile 2016/05/16 v1.7 Catch the contents of a file (HO)
)
runsystem(uname -s > "presentation.w18")...executed.

 (./presentation.w18)
runsystem(rm -- "presentation.w18")...executed.

)) (/usr/share/texmf-dist/tex/latex/oberdiek/transparent.sty
Package: transparent 2016/05/16 v1.1 Transparency via pdfTeX's color stack (HO)

)
(/usr/share/texmf-dist/tex/latex/caption/subcaption.sty
Package: subcaption 2016/05/22 v1.1-161 Sub-captions (AR)

(/usr/share/texmf-dist/tex/latex/caption/caption.sty
Package: caption 2016/02/21 v3.3-144 Customizing captions (AR)

(/usr/share/texmf-dist/tex/latex/caption/caption3.sty
Package: caption3 2016/05/22 v1.7-166 caption3 kernel (AR)
Package caption3 Info: TeX engine: e-TeX on input line 67.
\captionmargin=\dimen192
\captionmargin@=\dimen193
\captionwidth=\dimen194
\caption@tempdima=\dimen195
\caption@indent=\dimen196
\caption@parindent=\dimen197
\caption@hangindent=\dimen198
)
\c@ContinuedFloat=\count159
Package caption Info: beamer document class.
Package caption Info: hyperref package is loaded.
Package caption Info: Hyperref support is turned off
(caption)             because hyperref has stopped early.
)
\c@subfigure=\count160
\c@subtable=\count161
)

Package hyperref Warning: Token not allowed in a PDF string (PDFDocEncoding):
(hyperref)                removing `\\' on input line 28.


Package hyperref Warning: Composite letter `\textcedilla+S'
(hyperref)                not defined in PD1 encoding,
(hyperref)                removing `\textcedilla' on input line 28.


Package hyperref Warning: Composite letter `\textcedilla+s'
(hyperref)                not defined in PD1 encoding,
(hyperref)                removing `\textcedilla' on input line 28.

(/usr/share/texmf-dist/tex/latex/ucs/data/uni-0.def
File: uni-0.def 2013/05/13 UCS: Unicode data U+0000..U+00FF
) (./presentation.aux

LaTeX Warning: Label `fig:DPandSE' multiply defined.


LaTeX Warning: Label `fig:a' multiply defined.


LaTeX Warning: Label `fig:a' multiply defined.


LaTeX Warning: Label `sub@fig:a' multiply defined.


LaTeX Warning: Label `fig:b' multiply defined.


LaTeX Warning: Label `sub@fig:b' multiply defined.


LaTeX Warning: Label `fig:c' multiply defined.


LaTeX Warning: Label `sub@fig:c' multiply defined.


LaTeX Warning: Label `fig:a' multiply defined.


LaTeX Warning: Label `sub@fig:a' multiply defined.


LaTeX Warning: Label `fig:b' multiply defined.


LaTeX Warning: Label `sub@fig:b' multiply defined.


LaTeX Warning: Label `fig:c' multiply defined.


LaTeX Warning: Label `sub@fig:c' multiply defined.


LaTeX Warning: Label `fig:c' multiply defined.


LaTeX Warning: Label `sub@fig:c' multiply defined.


LaTeX Warning: Label `fig:a' multiply defined.


LaTeX Warning: Label `sub@fig:a' multiply defined.


LaTeX Warning: Label `fig:b' multiply defined.


LaTeX Warning: Label `sub@fig:b' multiply defined.


LaTeX Warning: Label `fig:c' multiply defined.


LaTeX Warning: Label `sub@fig:c' multiply defined.


LaTeX Warning: Label `fig:c' multiply defined.


LaTeX Warning: Label `sub@fig:c' multiply defined.

)
\openout1 = `presentation.aux'.

LaTeX Font Info:    Checking defaults for OML/cmm/m/it on input line 32.
LaTeX Font Info:    ... okay on input line 32.
LaTeX Font Info:    Checking defaults for T1/cmr/m/n on input line 32.
LaTeX Font Info:    ... okay on input line 32.
LaTeX Font Info:    Checking defaults for OT1/cmr/m/n on input line 32.
LaTeX Font Info:    ... okay on input line 32.
LaTeX Font Info:    Checking defaults for OMS/cmsy/m/n on input line 32.
LaTeX Font Info:    ... okay on input line 32.
LaTeX Font Info:    Checking defaults for OMX/cmex/m/n on input line 32.
LaTeX Font Info:    ... okay on input line 32.
LaTeX Font Info:    Checking defaults for U/cmr/m/n on input line 32.
LaTeX Font Info:    ... okay on input line 32.
LaTeX Font Info:    Checking defaults for PD1/pdf/m/n on input line 32.
LaTeX Font Info:    ... okay on input line 32.

*geometry* driver: auto-detecting
*geometry* detected driver: pdftex
*geometry* verbose mode - [ preamble ] result:
* driver: pdftex
* paper: custom
* layout: <same size as paper>
* layoutoffset:(h,v)=(0.0pt,0.0pt)
* modes: includehead includefoot 
* h-part:(L,W,R)=(10.95003pt, 342.2953pt, 10.95003pt)
* v-part:(T,H,B)=(0.0pt, 273.14662pt, 0.0pt)
* \paperwidth=364.19536pt
* \paperheight=273.14662pt
* \textwidth=342.2953pt
* \textheight=244.6939pt
* \oddsidemargin=-61.31996pt
* \evensidemargin=-61.31996pt
* \topmargin=-72.26999pt
* \headheight=14.22636pt
* \headsep=0.0pt
* \topskip=11.0pt
* \footskip=14.22636pt
* \marginparwidth=4.0pt
* \marginparsep=10.0pt
* \columnsep=10.0pt
* \skip\footins=10.0pt plus 4.0pt minus 2.0pt
* \hoffset=0.0pt
* \voffset=0.0pt
* \mag=1000
* \@twocolumnfalse
* \@twosidefalse
* \@mparswitchfalse
* \@reversemarginfalse
* (1in=72.27pt=25.4mm, 1cm=28.453pt)

(/usr/share/texmf-dist/tex/context/base/mkii/supp-pdf.mkii
[Loading MPS to PDF converter (version 2006.09.02).]
\scratchcounter=\count162
\scratchdimen=\dimen199
\scratchbox=\box53
\nofMPsegments=\count163
\nofMParguments=\count164
\everyMPshowfont=\toks48
\MPscratchCnt=\count165
\MPscratchDim=\dimen256
\MPnumerator=\count166
\makeMPintoPDFobject=\count167
\everyMPtoPDFconversion=\toks49
) (/usr/share/texmf-dist/tex/latex/oberdiek/epstopdf-base.sty
Package: epstopdf-base 2016/05/15 v2.6 Base part for package epstopdf

(/usr/share/texmf-dist/tex/latex/oberdiek/grfext.sty
Package: grfext 2016/05/16 v1.2 Manage graphics extensions (HO)
)
Package epstopdf-base Info: Redefining graphics rule for `.eps' on input line 4
38.
Package grfext Info: Graphics extension search list:
(grfext)             [.pdf,.png,.jpg,.mps,.jpeg,.jbig2,.jb2,.PDF,.PNG,.JPG,.JPE
G,.JBIG2,.JB2,.eps]
(grfext)             \AppendGraphicsExtensions on input line 456.

(/usr/share/texmf-dist/tex/latex/latexconfig/epstopdf-sys.cfg
File: epstopdf-sys.cfg 2010/07/13 v1.3 Configuration of (r)epstopdf for TeX Liv
e
))
ABD: EveryShipout initializing macros
\AtBeginShipoutBox=\box54
Package hyperref Info: Link coloring OFF on input line 32.

(/usr/share/texmf-dist/tex/latex/hyperref/nameref.sty
Package: nameref 2016/05/21 v2.44 Cross-referencing by name of section

(/usr/share/texmf-dist/tex/generic/oberdiek/gettitlestring.sty
Package: gettitlestring 2016/05/16 v1.5 Cleanup title references (HO)
)
\c@section@level=\count168
)
LaTeX Info: Redefining \ref on input line 32.
LaTeX Info: Redefining \pageref on input line 32.
LaTeX Info: Redefining \nameref on input line 32.

(./presentation.out) (./presentation.out)
\@outlinefile=\write5
\openout5 = `presentation.out'.


(/usr/share/texmf-dist/tex/latex/beamer/translator/dicts/translator-basic-dicti
onary/translator-basic-dictionary-English.dict
Dictionary: translator-basic-dictionary, Language: English 
)
(/usr/share/texmf-dist/tex/latex/beamer/translator/dicts/translator-bibliograph
y-dictionary/translator-bibliography-dictionary-English.dict
Dictionary: translator-bibliography-dictionary, Language: English 
)
(/usr/share/texmf-dist/tex/latex/beamer/translator/dicts/translator-environment
-dictionary/translator-environment-dictionary-English.dict
Dictionary: translator-environment-dictionary, Language: English 
)
(/usr/share/texmf-dist/tex/latex/beamer/translator/dicts/translator-months-dict
ionary/translator-months-dictionary-English.dict
Dictionary: translator-months-dictionary, Language: English 
)
(/usr/share/texmf-dist/tex/latex/beamer/translator/dicts/translator-numbers-dic
tionary/translator-numbers-dictionary-English.dict
Dictionary: translator-numbers-dictionary, Language: English 
)
(/usr/share/texmf-dist/tex/latex/beamer/translator/dicts/translator-theorem-dic
tionary/translator-theorem-dictionary-English.dict
Dictionary: translator-theorem-dictionary, Language: English 
)
(/usr/share/texmf-dist/tex/latex/ucs/ucsencs.def
File: ucsencs.def 2011/01/21 Fixes to fontencodings LGR, T3
)
Package caption Info: Begin \AtBeginDocument code.
Package caption Info: End \AtBeginDocument code.
 (./presentation.nav)
Overfull \hbox (77.59958pt too wide) in paragraph at lines 32--32
 [][]  \OT1/cmss/m/n/6 ([])  
 []


Overfull \hbox (77.59958pt too wide) has occurred while \output is active
 [][]  \OT1/cmss/m/n/6 ([])  
 []

[1

{/var/lib/texmf/fonts/map/pdftex/updmap/pdftex.map}] (./presentation.toc)
Overfull \hbox (77.59958pt too wide) has occurred while \output is active
 [][]  \OT1/cmss/m/n/6 ([])  
 []

[2

]
LaTeX Font Info:    Try loading font information for U+msa on input line 64.
 (/usr/share/texmf-dist/tex/latex/amsfonts/umsa.fd
File: umsa.fd 2013/01/14 v3.01 AMS symbols A
)
LaTeX Font Info:    Try loading font information for U+msb on input line 64.

(/usr/share/texmf-dist/tex/latex/amsfonts/umsb.fd
File: umsb.fd 2013/01/14 v3.01 AMS symbols B
)
(/usr/share/texmf-dist/tex/latex/ucs/data/uni-34.def
File: uni-34.def 2013/05/13 UCS: Unicode data U+2200..U+22FF
)
Overfull \hbox (77.59958pt too wide) has occurred while \output is active
 [][]  \OT1/cmss/m/n/6 ([])  
 []

[3

]
<neuralnetworkex.png, id=106, 599.23875pt x 325.215pt>
File: neuralnetworkex.png Graphic file (type png)
<use neuralnetworkex.png>
Package pdftex.def Info: neuralnetworkex.png  used on input line 74. on input l
ine 74.
Package pdftex.def Info: Requested size: 205.37926pt x 111.4599pt on input line
 74.

Overfull \hbox (77.59958pt too wide) has occurred while \output is active
 [][]  \OT1/cmss/m/n/6 ([])  
 []

[4

 <./neuralnetworkex.png>]
<DPandSE.png, id=116, 1689.31125pt x 876.27374pt>
File: DPandSE.png Graphic file (type png)
<use DPandSE.png>
Package pdftex.def Info: DPandSE.png  used on input line 88. on input line 88.
Package pdftex.def Info: Requested size: 273.83728pt x 142.03847pt on input lin
e 88.

Overfull \hbox (77.59958pt too wide) has occurred while \output is active
 [][]  \OT1/cmss/m/n/6 ([])  
 []

[5

 <./DPandSE.png>]
Overfull \hbox (77.59958pt too wide) has occurred while \output is active
 [][]  \OT1/cmss/m/n/6 ([])  
 []

[6

]
Overfull \hbox (77.59958pt too wide) has occurred while \output is active
 [][]  \OT1/cmss/m/n/6 ([])  
 []

[7

]
<BoseEinsteinCondensate.png, id=139, 806.01125pt x 404.51125pt>
File: BoseEinsteinCondensate.png Graphic file (type png)
<use BoseEinsteinCondensate.png>
Package pdftex.def Info: BoseEinsteinCondensate.png  used on input line 138. on
 input line 138.
Package pdftex.def Info: Requested size: 273.83728pt x 137.42706pt on input lin
e 138.
pdfTeX warning (ext4): destination with the same identifier (name{fig:DPandSE})
 has been already used, duplicate ignored
<to be read again> 
                   \relax 
l.138 \end{frame}
                 
Overfull \vbox (2.10461pt too high) detected at line 138
 []


Overfull \hbox (77.59958pt too wide) has occurred while \output is active
 [][]  \OT1/cmss/m/n/6 ([])  
 []

[8

 <./BoseEinsteinCondensate.png>]
LaTeX Font Info:    Try loading font information for OMS+cmss on input line 160
.
LaTeX Font Info:    No file OMScmss.fd. on input line 160.


LaTeX Font Warning: Font shape `OMS/cmss/m/n' undefined
(Font)              using `OMS/cmsy/m/n' instead
(Font)              for symbol `textbraceleft' on input line 160.


Overfull \hbox (77.59958pt too wide) has occurred while \output is active
 [][]  \OT1/cmss/m/n/6 ([])  
 []

[9

]
Package svg Info: Last page of `./svg-inkscape/potvsdens_svg-tex.pdf' is 1 on i
nput line 204.
 (./svg-inkscape/potvsdens_svg-tex.pdf_tex
<./svg-inkscape/potvsdens_svg-tex.pdf, id=156, page=1, pagebox=cropbox, 578.16p
t x 433.62pt>
File: ./svg-inkscape/potvsdens_svg-tex.pdf Graphic file (type pdf)
<use ./svg-inkscape/potvsdens_svg-tex.pdf, page 1>
Package pdftex.def Info: ./svg-inkscape/potvsdens_svg-tex.pdf , page1 used on i
nput line 52. on input line 52.
Package pdftex.def Info: Requested size: 227.62204pt x 170.71231pt on input lin
e 52.
)
Overfull \hbox (77.59958pt too wide) has occurred while \output is active
 [][]  \OT1/cmss/m/n/6 ([])  
 []

[10

 <./svg-inkscape/potvsdens_svg-tex.pdf>]
Overfull \hbox (77.59958pt too wide) has occurred while \output is active
 [][]  \OT1/cmss/m/n/6 ([])  
 []

[11

]
Overfull \hbox (77.59958pt too wide) has occurred while \output is active
 [][]  \OT1/cmss/m/n/6 ([])  
 []

[12

]
Overfull \hbox (77.59958pt too wide) has occurred while \output is active
 [][]  \OT1/cmss/m/n/6 ([])  
 []

[13

]
Package svg Info: Last page of `./svg-inkscape/"fourlayer-g0-lr0_003-800"_svg-t
ex.pdf' is 1 on input line 260.
 (./svg-inkscape/fourlayer-g0-lr0_003-800_svg-tex.pdf_tex
<./svg-inkscape/"fourlayer-g0-lr0_003-800"_svg-tex.pdf, id=204, page=1, pagebox
=cropbox, 578.16pt x 433.87782pt>
File: ./svg-inkscape/"fourlayer-g0-lr0_003-800"_svg-tex.pdf Graphic file (type 
pdf)
<use ./svg-inkscape/"fourlayer-g0-lr0_003-800"_svg-tex.pdf, page 1>
Package pdftex.def Info: ./svg-inkscape/"fourlayer-g0-lr0_003-800"_svg-tex.pdf 
, page1 used on input line 52. on input line 52.
Package pdftex.def Info: Requested size: 154.03183pt x 115.59277pt on input lin
e 52.
)pdfTeX warning (ext4): destination with the same identifier (name{fig:a}) has 
been already used, duplicate ignored
<to be read again> 
                   \relax 
l.260 \end{frame}
                 
Package svg Info: Last page of `./svg-inkscape/"fourlayer-g0-lr0_001-800"_svg-t
ex.pdf' is 1 on input line 260.
 (./svg-inkscape/fourlayer-g0-lr0_001-800_svg-tex.pdf_tex
<./svg-inkscape/"fourlayer-g0-lr0_001-800"_svg-tex.pdf, id=206, page=1, pagebox
=cropbox, 578.16pt x 433.87782pt>
File: ./svg-inkscape/"fourlayer-g0-lr0_001-800"_svg-tex.pdf Graphic file (type 
pdf)
<use ./svg-inkscape/"fourlayer-g0-lr0_001-800"_svg-tex.pdf, page 1>
Package pdftex.def Info: ./svg-inkscape/"fourlayer-g0-lr0_001-800"_svg-tex.pdf 
, page1 used on input line 52. on input line 52.
Package pdftex.def Info: Requested size: 154.03183pt x 115.59277pt on input lin
e 52.
)
Overfull \hbox (77.59958pt too wide) has occurred while \output is active
 [][]  \OT1/cmss/m/n/6 ([])  
 []

[14

 <./svg-inkscape/fourlayer-g0-lr0_003-800_svg-tex.pdf> <./svg-inkscape/fourlaye
r-g0-lr0_001-800_svg-tex.pdf

pdfTeX warning: /usr/bin/pdflatex (file ./svg-inkscape/fourlayer-g0-lr0_001-800
_svg-tex.pdf): PDF inclusion: multiple pdfs with page group included in a singl
e page
>]
Package svg Info: Last page of `./svg-inkscape/potential-g-0_1-epoch-20-_svg-te
x.pdf' is 1 on input line 294.
 (./svg-inkscape/potential-g-0_1-epoch-20-_svg-tex.pdf_tex
<./svg-inkscape/potential-g-0_1-epoch-20-_svg-tex.pdf, id=483, page=1, pagebox=
cropbox, 578.16pt x 433.87782pt>
File: ./svg-inkscape/potential-g-0_1-epoch-20-_svg-tex.pdf Graphic file (type p
df)
<use ./svg-inkscape/potential-g-0_1-epoch-20-_svg-tex.pdf, page 1>
Package pdftex.def Info: ./svg-inkscape/potential-g-0_1-epoch-20-_svg-tex.pdf ,
 page1 used on input line 52. on input line 52.
Package pdftex.def Info: Requested size: 128.0374pt x 96.08235pt on input line 
52.
)pdfTeX warning (ext4): destination with the same identifier (name{fig:a}) has 
been already used, duplicate ignored
<to be read again> 
                   \relax 
l.294 \end{frame}
                 pdfTeX warning (ext4): destination with the same identifier (n
ame{sub@fig:a}) has been already used, duplicate ignored
<to be read again> 
                   \relax 
l.294 \end{frame}
                 
Package svg Info: Last page of `./svg-inkscape/potential-g-0_1-epoch-40-_svg-te
x.pdf' is 1 on input line 294.
 (./svg-inkscape/potential-g-0_1-epoch-40-_svg-tex.pdf_tex
<./svg-inkscape/potential-g-0_1-epoch-40-_svg-tex.pdf, id=485, page=1, pagebox=
cropbox, 578.16pt x 433.87782pt>
File: ./svg-inkscape/potential-g-0_1-epoch-40-_svg-tex.pdf Graphic file (type p
df)
<use ./svg-inkscape/potential-g-0_1-epoch-40-_svg-tex.pdf, page 1>
Package pdftex.def Info: ./svg-inkscape/potential-g-0_1-epoch-40-_svg-tex.pdf ,
 page1 used on input line 52. on input line 52.
Package pdftex.def Info: Requested size: 128.0374pt x 96.08235pt on input line 
52.
)pdfTeX warning (ext4): destination with the same identifier (name{fig:b}) has 
been already used, duplicate ignored
<to be read again> 
                   \relax 
l.294 \end{frame}
                 pdfTeX warning (ext4): destination with the same identifier (n
ame{sub@fig:b}) has been already used, duplicate ignored
<to be read again> 
                   \relax 
l.294 \end{frame}
                 
Package svg Info: Last page of `./svg-inkscape/potential-g-0_1-epoch-60-_svg-te
x.pdf' is 1 on input line 294.
 (./svg-inkscape/potential-g-0_1-epoch-60-_svg-tex.pdf_tex
<./svg-inkscape/potential-g-0_1-epoch-60-_svg-tex.pdf, id=487, page=1, pagebox=
cropbox, 578.16pt x 433.87782pt>
File: ./svg-inkscape/potential-g-0_1-epoch-60-_svg-tex.pdf Graphic file (type p
df)
<use ./svg-inkscape/potential-g-0_1-epoch-60-_svg-tex.pdf, page 1>
Package pdftex.def Info: ./svg-inkscape/potential-g-0_1-epoch-60-_svg-tex.pdf ,
 page1 used on input line 52. on input line 52.
Package pdftex.def Info: Requested size: 128.0374pt x 96.08235pt on input line 
52.
)
Package svg Info: Last page of `./svg-inkscape/potential-g-0_1-epoch-60-LOSS-_s
vg-tex.pdf' is 1 on input line 294.

(./svg-inkscape/potential-g-0_1-epoch-60-LOSS-_svg-tex.pdf_tex
<./svg-inkscape/potential-g-0_1-epoch-60-LOSS-_svg-tex.pdf, id=489, page=1, pag
ebox=cropbox, 578.2008pt x 433.87782pt>
File: ./svg-inkscape/potential-g-0_1-epoch-60-LOSS-_svg-tex.pdf Graphic file (t
ype pdf)
<use ./svg-inkscape/potential-g-0_1-epoch-60-LOSS-_svg-tex.pdf, page 1>
Package pdftex.def Info: ./svg-inkscape/potential-g-0_1-epoch-60-LOSS-_svg-tex.
pdf , page1 used on input line 52. on input line 52.
Package pdftex.def Info: Requested size: 128.0374pt x 96.07573pt on input line 
52.
)
Overfull \vbox (2.09882pt too high) detected at line 294
 []


Overfull \hbox (77.59958pt too wide) has occurred while \output is active
 [][]  \OT1/cmss/m/n/6 ([])  
 []

[15

pdfTeX warning (ext4): destination with the same identifier (name{fig:c}) has b
een already used, duplicate ignored

\@EveryShipout@Output ...@Org@Shipout \box \@cclv 
                                                  
l.294 \end{frame}
                 pdfTeX warning (ext4): destination with the same identifier (n
ame{sub@fig:c}) has been already used, duplicate ignored

\@EveryShipout@Output ...@Org@Shipout \box \@cclv 
                                                  
l.294 \end{frame}
                  <./svg-inkscape/potential-g-0_1-epoch-20-_svg-tex.pdf> <./svg
-inkscape/potential-g-0_1-epoch-40-_svg-tex.pdf

pdfTeX warning: /usr/bin/pdflatex (file ./svg-inkscape/potential-g-0_1-epoch-40
-_svg-tex.pdf): PDF inclusion: multiple pdfs with page group included in a sing
le page
> <./svg-inkscape/potential-g-0_1-epoch-60-_svg-tex.pdf

pdfTeX warning: /usr/bin/pdflatex (file ./svg-inkscape/potential-g-0_1-epoch-60
-_svg-tex.pdf): PDF inclusion: multiple pdfs with page group included in a sing
le page
> <./svg-inkscape/potential-g-0_1-epoch-60-LOSS-_svg-tex.pdf

pdfTeX warning: /usr/bin/pdflatex (file ./svg-inkscape/potential-g-0_1-epoch-60
-LOSS-_svg-tex.pdf): PDF inclusion: multiple pdfs with page group included in a
 single page
>]
Package svg Info: Last page of `./svg-inkscape/potential-g-1-conv1d-epoch-20-_s
vg-tex.pdf' is 1 on input line 326.
 (./svg-inkscape/potential-g-1-conv1d-epoch-20-_svg-tex.pdf_tex
<./svg-inkscape/potential-g-1-conv1d-epoch-20-_svg-tex.pdf, id=936, page=1, pag
ebox=cropbox, 578.16pt x 433.87782pt>
File: ./svg-inkscape/potential-g-1-conv1d-epoch-20-_svg-tex.pdf Graphic file (t
ype pdf)
<use ./svg-inkscape/potential-g-1-conv1d-epoch-20-_svg-tex.pdf, page 1>
Package pdftex.def Info: ./svg-inkscape/potential-g-1-conv1d-epoch-20-_svg-tex.
pdf , page1 used on input line 52. on input line 52.
Package pdftex.def Info: Requested size: 128.0374pt x 96.08235pt on input line 
52.
)pdfTeX warning (ext4): destination with the same identifier (name{fig:a}) has 
been already used, duplicate ignored
<to be read again> 
                   \relax 
l.326 \end{frame}
                 pdfTeX warning (ext4): destination with the same identifier (n
ame{sub@fig:a}) has been already used, duplicate ignored
<to be read again> 
                   \relax 
l.326 \end{frame}
                 
Package svg Info: Last page of `./svg-inkscape/potential-g-1-conv1d-epoch-40-_s
vg-tex.pdf' is 1 on input line 326.

(./svg-inkscape/potential-g-1-conv1d-epoch-40-_svg-tex.pdf_tex
<./svg-inkscape/potential-g-1-conv1d-epoch-40-_svg-tex.pdf, id=938, page=1, pag
ebox=cropbox, 578.16pt x 433.87782pt>
File: ./svg-inkscape/potential-g-1-conv1d-epoch-40-_svg-tex.pdf Graphic file (t
ype pdf)
<use ./svg-inkscape/potential-g-1-conv1d-epoch-40-_svg-tex.pdf, page 1>
Package pdftex.def Info: ./svg-inkscape/potential-g-1-conv1d-epoch-40-_svg-tex.
pdf , page1 used on input line 52. on input line 52.
Package pdftex.def Info: Requested size: 128.0374pt x 96.08235pt on input line 
52.
)pdfTeX warning (ext4): destination with the same identifier (name{fig:b}) has 
been already used, duplicate ignored
<to be read again> 
                   \relax 
l.326 \end{frame}
                 pdfTeX warning (ext4): destination with the same identifier (n
ame{sub@fig:b}) has been already used, duplicate ignored
<to be read again> 
                   \relax 
l.326 \end{frame}
                 
Package svg Info: Last page of `./svg-inkscape/potential-g-1-conv1d-epoch-60-_s
vg-tex.pdf' is 1 on input line 326.

(./svg-inkscape/potential-g-1-conv1d-epoch-60-_svg-tex.pdf_tex
<./svg-inkscape/potential-g-1-conv1d-epoch-60-_svg-tex.pdf, id=940, page=1, pag
ebox=cropbox, 578.16pt x 433.87782pt>
File: ./svg-inkscape/potential-g-1-conv1d-epoch-60-_svg-tex.pdf Graphic file (t
ype pdf)
<use ./svg-inkscape/potential-g-1-conv1d-epoch-60-_svg-tex.pdf, page 1>
Package pdftex.def Info: ./svg-inkscape/potential-g-1-conv1d-epoch-60-_svg-tex.
pdf , page1 used on input line 52. on input line 52.
Package pdftex.def Info: Requested size: 128.0374pt x 96.08235pt on input line 
52.
)pdfTeX warning (ext4): destination with the same identifier (name{fig:c}) has 
been already used, duplicate ignored
<to be read again> 
                   \relax 
l.326 \end{frame}
                 pdfTeX warning (ext4): destination with the same identifier (n
ame{sub@fig:c}) has been already used, duplicate ignored
<to be read again> 
                   \relax 
l.326 \end{frame}
                 
Package svg Info: Last page of `./svg-inkscape/potential-g-1-conv1d-epoch-60-LO
SS-_svg-tex.pdf' is 1 on input line 326.

(./svg-inkscape/potential-g-1-conv1d-epoch-60-LOSS-_svg-tex.pdf_tex
<./svg-inkscape/potential-g-1-conv1d-epoch-60-LOSS-_svg-tex.pdf, id=942, page=1
, pagebox=cropbox, 578.2008pt x 433.87782pt>
File: ./svg-inkscape/potential-g-1-conv1d-epoch-60-LOSS-_svg-tex.pdf Graphic fi
le (type pdf)
<use ./svg-inkscape/potential-g-1-conv1d-epoch-60-LOSS-_svg-tex.pdf, page 1>
Package pdftex.def Info: ./svg-inkscape/potential-g-1-conv1d-epoch-60-LOSS-_svg
-tex.pdf , page1 used on input line 52. on input line 52.
Package pdftex.def Info: Requested size: 128.0374pt x 96.07573pt on input line 
52.
)pdfTeX warning (ext4): destination with the same identifier (name{fig:c}) has 
been already used, duplicate ignored
<to be read again> 
                   \relax 
l.326 \end{frame}
                 pdfTeX warning (ext4): destination with the same identifier (n
ame{sub@fig:c}) has been already used, duplicate ignored
<to be read again> 
                   \relax 
l.326 \end{frame}
                 
Overfull \vbox (2.09882pt too high) detected at line 326
 []


Overfull \hbox (77.59958pt too wide) has occurred while \output is active
 [][]  \OT1/cmss/m/n/6 ([])  
 []

[16

 <./svg-inkscape/potential-g-1-conv1d-epoch-20-_svg-tex.pdf> <./svg-inkscape/po
tential-g-1-conv1d-epoch-40-_svg-tex.pdf

pdfTeX warning: /usr/bin/pdflatex (file ./svg-inkscape/potential-g-1-conv1d-epo
ch-40-_svg-tex.pdf): PDF inclusion: multiple pdfs with page group included in a
 single page
> <./svg-inkscape/potential-g-1-conv1d-epoch-60-_svg-tex.pdf

pdfTeX warning: /usr/bin/pdflatex (file ./svg-inkscape/potential-g-1-conv1d-epo
ch-60-_svg-tex.pdf): PDF inclusion: multiple pdfs with page group included in a
 single page
> <./svg-inkscape/potential-g-1-conv1d-epoch-60-LOSS-_svg-tex.pdf

pdfTeX warning: /usr/bin/pdflatex (file ./svg-inkscape/potential-g-1-conv1d-epo
ch-60-LOSS-_svg-tex.pdf): PDF inclusion: multiple pdfs with page group included
 in a single page
>]
Package svg Info: Last page of `./svg-inkscape/potential-g-1-epoch-60-E_int-_sv
g-tex.pdf' is 1 on input line 356.
 (./svg-inkscape/potential-g-1-epoch-60-E_int-_svg-tex.pdf_tex
<./svg-inkscape/potential-g-1-epoch-60-E_int-_svg-tex.pdf, id=1397, page=1, pag
ebox=cropbox, 486.90909pt x 355.79323pt>
File: ./svg-inkscape/potential-g-1-epoch-60-E_int-_svg-tex.pdf Graphic file (ty
pe pdf)
<use ./svg-inkscape/potential-g-1-epoch-60-E_int-_svg-tex.pdf, page 1>
Package pdftex.def Info: ./svg-inkscape/potential-g-1-epoch-60-E_int-_svg-tex.p
df , page1 used on input line 52. on input line 52.
Package pdftex.def Info: Requested size: 128.0374pt x 93.55727pt on input line 
52.
)pdfTeX warning (ext4): destination with the same identifier (name{fig:a}) has 
been already used, duplicate ignored
<to be read again> 
                   \relax 
l.356 \end{frame}
                 pdfTeX warning (ext4): destination with the same identifier (n
ame{sub@fig:a}) has been already used, duplicate ignored
<to be read again> 
                   \relax 
l.356 \end{frame}
                 
Package svg Info: Last page of `./svg-inkscape/potential-g-1-epoch-60-E_pot-_sv
g-tex.pdf' is 1 on input line 356.
 (./svg-inkscape/potential-g-1-epoch-60-E_pot-_svg-tex.pdf_tex
<./svg-inkscape/potential-g-1-epoch-60-E_pot-_svg-tex.pdf, id=1399, page=1, pag
ebox=cropbox, 465.96646pt x 358.11661pt>
File: ./svg-inkscape/potential-g-1-epoch-60-E_pot-_svg-tex.pdf Graphic file (ty
pe pdf)
<use ./svg-inkscape/potential-g-1-epoch-60-E_pot-_svg-tex.pdf, page 1>
Package pdftex.def Info: ./svg-inkscape/potential-g-1-epoch-60-E_pot-_svg-tex.p
df , page1 used on input line 52. on input line 52.
Package pdftex.def Info: Requested size: 128.0374pt x 98.40312pt on input line 
52.
)pdfTeX warning (ext4): destination with the same identifier (name{fig:b}) has 
been already used, duplicate ignored
<to be read again> 
                   \relax 
l.356 \end{frame}
                 pdfTeX warning (ext4): destination with the same identifier (n
ame{sub@fig:b}) has been already used, duplicate ignored
<to be read again> 
                   \relax 
l.356 \end{frame}
                 
Package svg Info: Last page of `./svg-inkscape/potential-g-1-epoch-60-E_kin-_sv
g-tex.pdf' is 1 on input line 356.
 (./svg-inkscape/potential-g-1-epoch-60-E_kin-_svg-tex.pdf_tex
<./svg-inkscape/potential-g-1-epoch-60-E_kin-_svg-tex.pdf, id=1401, page=1, pag
ebox=cropbox, 463.9182pt x 355.79323pt>
File: ./svg-inkscape/potential-g-1-epoch-60-E_kin-_svg-tex.pdf Graphic file (ty
pe pdf)
<use ./svg-inkscape/potential-g-1-epoch-60-E_kin-_svg-tex.pdf, page 1>
Package pdftex.def Info: ./svg-inkscape/potential-g-1-epoch-60-E_kin-_svg-tex.p
df , page1 used on input line 52. on input line 52.
Package pdftex.def Info: Requested size: 128.0374pt x 98.1936pt on input line 5
2.
)pdfTeX warning (ext4): destination with the same identifier (name{fig:c}) has 
been already used, duplicate ignored
<to be read again> 
                   \relax 
l.356 \end{frame}
                 pdfTeX warning (ext4): destination with the same identifier (n
ame{sub@fig:c}) has been already used, duplicate ignored
<to be read again> 
                   \relax 
l.356 \end{frame}
                 
Package svg Info: Last page of `./svg-inkscape/potential-g-1-epoch-60-E_Total-_
svg-tex.pdf' is 1 on input line 356.

(./svg-inkscape/potential-g-1-epoch-60-E_Total-_svg-tex.pdf_tex
<./svg-inkscape/potential-g-1-epoch-60-E_Total-_svg-tex.pdf, id=1403, page=1, p
agebox=cropbox, 463.9182pt x 355.99304pt>
File: ./svg-inkscape/potential-g-1-epoch-60-E_Total-_svg-tex.pdf Graphic file (
type pdf)
<use ./svg-inkscape/potential-g-1-epoch-60-E_Total-_svg-tex.pdf, page 1>
Package pdftex.def Info: ./svg-inkscape/potential-g-1-epoch-60-E_Total-_svg-tex
.pdf , page1 used on input line 52. on input line 52.
Package pdftex.def Info: Requested size: 128.0374pt x 98.24875pt on input line 
52.
)pdfTeX warning (ext4): destination with the same identifier (name{fig:c}) has 
been already used, duplicate ignored
<to be read again> 
                   \relax 
l.356 \end{frame}
                 pdfTeX warning (ext4): destination with the same identifier (n
ame{sub@fig:c}) has been already used, duplicate ignored
<to be read again> 
                   \relax 
l.356 \end{frame}
                 
Overfull \vbox (6.58253pt too high) detected at line 356
 []


Overfull \hbox (77.59958pt too wide) has occurred while \output is active
 [][]  \OT1/cmss/m/n/6 ([])  
 []

[17

 <./svg-inkscape/potential-g-1-epoch-60-E_int-_svg-tex.pdf> <./svg-inkscape/pot
ential-g-1-epoch-60-E_pot-_svg-tex.pdf

pdfTeX warning: /usr/bin/pdflatex (file ./svg-inkscape/potential-g-1-epoch-60-E
_pot-_svg-tex.pdf): PDF inclusion: multiple pdfs with page group included in a 
single page
> <./svg-inkscape/potential-g-1-epoch-60-E_kin-_svg-tex.pdf

pdfTeX warning: /usr/bin/pdflatex (file ./svg-inkscape/potential-g-1-epoch-60-E
_kin-_svg-tex.pdf): PDF inclusion: multiple pdfs with page group included in a 
single page
> <./svg-inkscape/potential-g-1-epoch-60-E_Total-_svg-tex.pdf

pdfTeX warning: /usr/bin/pdflatex (file ./svg-inkscape/potential-g-1-epoch-60-E
_Total-_svg-tex.pdf): PDF inclusion: multiple pdfs with page group included in 
a single page
>]
Package svg Info: Calling Inkscape on input line 385.
runsystem(inkscape -z -D --export-latex  --file="../figs/CNNgPrediction/fixed-p
ot_dens-g-VARY-conv1d-epoch-30-.svg" --export-pdf="fixed-pot_dens-g-VARY-conv1d
-epoch-30-_svg-tex.pdf" )...executed.

runsystem(mkdir -p "./svg-inkscape/")...executed.

runsystem(mv "fixed-pot_dens-g-VARY-conv1d-epoch-30-_svg-tex.pdf" "./svg-inksca
pe/fixed-pot_dens-g-VARY-conv1d-epoch-30-_svg-tex.pdf")...executed.

runsystem(mv "fixed-pot_dens-g-VARY-conv1d-epoch-30-_svg-tex.pdf_tex" "./svg-in
kscape/fixed-pot_dens-g-VARY-conv1d-epoch-30-_svg-tex.pdf_tex")...executed.

Package svg Info: Last page of `./svg-inkscape/fixed-pot_dens-g-VARY-conv1d-epo
ch-30-_svg-tex.pdf' is 1 on input line 385.
 (./svg-inkscape/fixed-pot_dens-g-VARY-conv1d-epoch-30-_svg-tex.pdf_tex
<./svg-inkscape/fixed-pot_dens-g-VARY-conv1d-epoch-30-_svg-tex.pdf, id=1930, pa
ge=1, pagebox=cropbox, 578.16pt x 433.62pt>
File: ./svg-inkscape/fixed-pot_dens-g-VARY-conv1d-epoch-30-_svg-tex.pdf Graphic
 file (type pdf)
<use ./svg-inkscape/fixed-pot_dens-g-VARY-conv1d-epoch-30-_svg-tex.pdf, page 1>

Package pdftex.def Info: ./svg-inkscape/fixed-pot_dens-g-VARY-conv1d-epoch-30-_
svg-tex.pdf , page1 used on input line 52. on input line 52.
Package pdftex.def Info: Requested size: 128.0374pt x 96.02525pt on input line 
52.
)pdfTeX warning (ext4): destination with the same identifier (name{fig:a}) has 
been already used, duplicate ignored
<to be read again> 
                   \relax 
l.385 \end{frame}
                 pdfTeX warning (ext4): destination with the same identifier (n
ame{sub@fig:a}) has been already used, duplicate ignored
<to be read again> 
                   \relax 
l.385 \end{frame}
                 
Package svg Info: Calling Inkscape on input line 385.
runsystem(inkscape -z -D --export-latex  --file="../figs/CNNgPrediction/various
-pot_dens-g-VARY-conv1d-epoch-30-.svg" --export-pdf="various-pot_dens-g-VARY-co
nv1d-epoch-30-_svg-tex.pdf" )...executed.

runsystem(mkdir -p "./svg-inkscape/")...executed.

runsystem(mv "various-pot_dens-g-VARY-conv1d-epoch-30-_svg-tex.pdf" "./svg-inks
cape/various-pot_dens-g-VARY-conv1d-epoch-30-_svg-tex.pdf")...executed.

runsystem(mv "various-pot_dens-g-VARY-conv1d-epoch-30-_svg-tex.pdf_tex" "./svg-
inkscape/various-pot_dens-g-VARY-conv1d-epoch-30-_svg-tex.pdf_tex")...executed.

Package svg Info: Last page of `./svg-inkscape/various-pot_dens-g-VARY-conv1d-e
poch-30-_svg-tex.pdf' is 1 on input line 385.

(./svg-inkscape/various-pot_dens-g-VARY-conv1d-epoch-30-_svg-tex.pdf_tex
<./svg-inkscape/various-pot_dens-g-VARY-conv1d-epoch-30-_svg-tex.pdf, id=1932, 
page=1, pagebox=cropbox, 578.16pt x 433.62pt>
File: ./svg-inkscape/various-pot_dens-g-VARY-conv1d-epoch-30-_svg-tex.pdf Graph
ic file (type pdf)
<use ./svg-inkscape/various-pot_dens-g-VARY-conv1d-epoch-30-_svg-tex.pdf, page 
1>
Package pdftex.def Info: ./svg-inkscape/various-pot_dens-g-VARY-conv1d-epoch-30
-_svg-tex.pdf , page1 used on input line 52. on input line 52.
Package pdftex.def Info: Requested size: 128.0374pt x 96.02525pt on input line 
52.
)pdfTeX warning (ext4): destination with the same identifier (name{fig:b}) has 
been already used, duplicate ignored
<to be read again> 
                   \relax 
l.385 \end{frame}
                 pdfTeX warning (ext4): destination with the same identifier (n
ame{sub@fig:b}) has been already used, duplicate ignored
<to be read again> 
                   \relax 
l.385 \end{frame}
                 
Package svg Info: Calling Inkscape on input line 385.
runsystem(inkscape -z -D --export-latex  --file="../figs/CNNgPrediction/various
-shift-pot_dens-g-VARY-conv1d-epoch-30-.svg" --export-pdf="various-shift-pot_de
ns-g-VARY-conv1d-epoch-30-_svg-tex.pdf" )...executed.

runsystem(mkdir -p "./svg-inkscape/")...executed.

runsystem(mv "various-shift-pot_dens-g-VARY-conv1d-epoch-30-_svg-tex.pdf" "./sv
g-inkscape/various-shift-pot_dens-g-VARY-conv1d-epoch-30-_svg-tex.pdf")...execu
ted.

runsystem(mv "various-shift-pot_dens-g-VARY-conv1d-epoch-30-_svg-tex.pdf_tex" "
./svg-inkscape/various-shift-pot_dens-g-VARY-conv1d-epoch-30-_svg-tex.pdf_tex")
...executed.

Package svg Info: Last page of `./svg-inkscape/various-shift-pot_dens-g-VARY-co
nv1d-epoch-30-_svg-tex.pdf' is 1 on input line 385.

(./svg-inkscape/various-shift-pot_dens-g-VARY-conv1d-epoch-30-_svg-tex.pdf_tex
<./svg-inkscape/various-shift-pot_dens-g-VARY-conv1d-epoch-30-_svg-tex.pdf, id=
1934, page=1, pagebox=cropbox, 578.16pt x 433.62pt>
File: ./svg-inkscape/various-shift-pot_dens-g-VARY-conv1d-epoch-30-_svg-tex.pdf
 Graphic file (type pdf)
<use ./svg-inkscape/various-shift-pot_dens-g-VARY-conv1d-epoch-30-_svg-tex.pdf,
 page 1>
Package pdftex.def Info: ./svg-inkscape/various-shift-pot_dens-g-VARY-conv1d-ep
och-30-_svg-tex.pdf , page1 used on input line 52. on input line 52.
Package pdftex.def Info: Requested size: 128.0374pt x 96.02525pt on input line 
52.
)pdfTeX warning (ext4): destination with the same identifier (name{fig:c}) has 
been already used, duplicate ignored
<to be read again> 
                   \relax 
l.385 \end{frame}
                 pdfTeX warning (ext4): destination with the same identifier (n
ame{sub@fig:c}) has been already used, duplicate ignored
<to be read again> 
                   \relax 
l.385 \end{frame}
                 
Package svg Info: Calling Inkscape on input line 385.
runsystem(inkscape -z -D --export-latex  --file="../figs/CNNgPrediction/FPFS-VP
FS-VPVS-LOSS-.svg" --export-pdf="FPFS-VPFS-VPVS-LOSS-_svg-tex.pdf" )...executed
.

runsystem(mkdir -p "./svg-inkscape/")...executed.

runsystem(mv "FPFS-VPFS-VPVS-LOSS-_svg-tex.pdf" "./svg-inkscape/FPFS-VPFS-VPVS-
LOSS-_svg-tex.pdf")...executed.

runsystem(mv "FPFS-VPFS-VPVS-LOSS-_svg-tex.pdf_tex" "./svg-inkscape/FPFS-VPFS-V
PVS-LOSS-_svg-tex.pdf_tex")...executed.

Package svg Info: Last page of `./svg-inkscape/FPFS-VPFS-VPVS-LOSS-_svg-tex.pdf
' is 1 on input line 385.
 (./svg-inkscape/FPFS-VPFS-VPVS-LOSS-_svg-tex.pdf_tex
<./svg-inkscape/FPFS-VPFS-VPVS-LOSS-_svg-tex.pdf, id=1936, page=1, pagebox=crop
box, 578.16pt x 433.62pt>
File: ./svg-inkscape/FPFS-VPFS-VPVS-LOSS-_svg-tex.pdf Graphic file (type pdf)
<use ./svg-inkscape/FPFS-VPFS-VPVS-LOSS-_svg-tex.pdf, page 1>
Package pdftex.def Info: ./svg-inkscape/FPFS-VPFS-VPVS-LOSS-_svg-tex.pdf , page
1 used on input line 52. on input line 52.
Package pdftex.def Info: Requested size: 128.0374pt x 96.02525pt on input line 
52.
)
Overfull \hbox (77.59958pt too wide) has occurred while \output is active
 [][]  \OT1/cmss/m/n/6 ([])  
 []

[18

 <./svg-inkscape/fixed-pot_dens-g-VARY-conv1d-epoch-30-_svg-tex.pdf> <./svg-ink
scape/various-pot_dens-g-VARY-conv1d-epoch-30-_svg-tex.pdf

pdfTeX warning: /usr/bin/pdflatex (file ./svg-inkscape/various-pot_dens-g-VARY-
conv1d-epoch-30-_svg-tex.pdf): PDF inclusion: multiple pdfs with page group inc
luded in a single page
> <./svg-inkscape/various-shift-pot_dens-g-VARY-conv1d-epoch-30-_svg-tex.pdf

pdfTeX warning: /usr/bin/pdflatex (file ./svg-inkscape/various-shift-pot_dens-g
-VARY-conv1d-epoch-30-_svg-tex.pdf): PDF inclusion: multiple pdfs with page gro
up included in a single page
> <./svg-inkscape/FPFS-VPFS-VPVS-LOSS-_svg-tex.pdf

pdfTeX warning: /usr/bin/pdflatex (file ./svg-inkscape/FPFS-VPFS-VPVS-LOSS-_svg
-tex.pdf): PDF inclusion: multiple pdfs with page group included in a single pa
ge
>]
\tf@nav=\write6
\openout6 = `presentation.nav'.

\tf@toc=\write7
\openout7 = `presentation.toc'.

\tf@snm=\write8
\openout8 = `presentation.snm'.

Package atveryend Info: Empty hook `BeforeClearDocument' on input line 387.
Package atveryend Info: Empty hook `AfterLastShipout' on input line 387.
 (./presentation.aux)
Package atveryend Info: Executing hook `AtVeryEndDocument' on input line 387.
Package atveryend Info: Executing hook `AtEndAfterFileList' on input line 387.


Package rerunfilecheck Warning: File `presentation.out' has changed.
(rerunfilecheck)                Rerun to get outlines right
(rerunfilecheck)                or use package `bookmark'.

Package rerunfilecheck Info: Checksums for `presentation.out':
(rerunfilecheck)             Before: 2F273E57F1D3846BD6F50FEFEDA906CB;658
(rerunfilecheck)             After:  B03702C16DC24C9801ABCF1B98A62AD0;741.

LaTeX Font Warning: Some font shapes were not available, defaults substituted.


LaTeX Warning: There were multiply-defined labels.

 ) 
Here is how much of TeX's memory you used:
 21077 strings out of 492985
 397515 string characters out of 6138637
 488791 words of memory out of 5000000
 23990 multiletter control sequences out of 15000+600000
 14574 words of font info for 55 fonts, out of 8000000 for 9000
 1141 hyphenation exceptions out of 8191
 56i,19n,62p,798b,644s stack positions out of 5000i,500n,10000p,200000b,80000s
</usr/share/texmf-dist/fonts/type1/public/amsfonts/cm/cmmi10.pfb></usr/share/
texmf-dist/fonts/type1/public/amsfonts/cm/cmmi8.pfb></usr/share/texmf-dist/font
s/type1/public/amsfonts/cm/cmmib10.pfb></usr/share/texmf-dist/fonts/type1/publi
c/amsfonts/cm/cmr10.pfb></usr/share/texmf-dist/fonts/type1/public/amsfonts/cm/c
mr8.pfb></usr/share/texmf-dist/fonts/type1/public/amsfonts/cm/cmss10.pfb></usr/
share/texmf-dist/fonts/type1/public/amsfonts/cm/cmss12.pfb></usr/share/texmf-di
st/fonts/type1/public/amsfonts/cm/cmss8.pfb></usr/share/texmf-dist/fonts/type1/
public/amsfonts/cm/cmsy10.pfb></usr/share/texmf-dist/fonts/type1/public/amsfont
s/cm/cmsy8.pfb></usr/share/texmf-dist/fonts/type1/public/amsfonts/symbols/msbm1
0.pfb>
Output written on presentation.pdf (18 pages, 3320598 bytes).
PDF statistics:
 2368 PDF objects out of 2487 (max. 8388607)
 1592 compressed objects within 16 object streams
 62 named destinations out of 1000 (max. 500000)
 358 words of extra memory for PDF output out of 10000 (max. 10000000)

